2015/06/12 18:46:30 [INFO] Terraform version: 0.3.5  94e618e471046184960f55d794405aa882fa2201+CHANGES
2015/06/12 18:46:30 [DEBUG] Discoverd plugin: atlas = /Users/Thoughtworker/git/tm/correlation-id-spike/infra/managed_tools/terraform/terraform-provider-atlas
2015/06/12 18:46:30 [DEBUG] Discoverd plugin: aws = /Users/Thoughtworker/git/tm/correlation-id-spike/infra/managed_tools/terraform/terraform-provider-aws
2015/06/12 18:46:30 [DEBUG] Discoverd plugin: cloudflare = /Users/Thoughtworker/git/tm/correlation-id-spike/infra/managed_tools/terraform/terraform-provider-cloudflare
2015/06/12 18:46:30 [DEBUG] Discoverd plugin: consul = /Users/Thoughtworker/git/tm/correlation-id-spike/infra/managed_tools/terraform/terraform-provider-consul
2015/06/12 18:46:30 [DEBUG] Discoverd plugin: digitalocean = /Users/Thoughtworker/git/tm/correlation-id-spike/infra/managed_tools/terraform/terraform-provider-digitalocean
2015/06/12 18:46:30 [DEBUG] Discoverd plugin: dnsimple = /Users/Thoughtworker/git/tm/correlation-id-spike/infra/managed_tools/terraform/terraform-provider-dnsimple
2015/06/12 18:46:30 [DEBUG] Discoverd plugin: google = /Users/Thoughtworker/git/tm/correlation-id-spike/infra/managed_tools/terraform/terraform-provider-google
2015/06/12 18:46:30 [DEBUG] Discoverd plugin: heroku = /Users/Thoughtworker/git/tm/correlation-id-spike/infra/managed_tools/terraform/terraform-provider-heroku
2015/06/12 18:46:30 [DEBUG] Discoverd plugin: mailgun = /Users/Thoughtworker/git/tm/correlation-id-spike/infra/managed_tools/terraform/terraform-provider-mailgun
2015/06/12 18:46:30 [DEBUG] Discoverd plugin: null = /Users/Thoughtworker/git/tm/correlation-id-spike/infra/managed_tools/terraform/terraform-provider-null
2015/06/12 18:46:30 [DEBUG] Discoverd plugin: file = /Users/Thoughtworker/git/tm/correlation-id-spike/infra/managed_tools/terraform/terraform-provisioner-file
2015/06/12 18:46:30 [DEBUG] Discoverd plugin: local-exec = /Users/Thoughtworker/git/tm/correlation-id-spike/infra/managed_tools/terraform/terraform-provisioner-local-exec
2015/06/12 18:46:30 [DEBUG] Discoverd plugin: remote-exec = /Users/Thoughtworker/git/tm/correlation-id-spike/infra/managed_tools/terraform/terraform-provisioner-remote-exec
2015/06/12 18:46:30 Detected home directory from env var: /Users/Thoughtworker
2015/06/12 18:46:30 [DEBUG] Discoverd plugin: atlas = /Users/Thoughtworker/git/tm/correlation-id-spike/infra/managed_tools/terraform/terraform-provider-atlas
2015/06/12 18:46:30 [DEBUG] Discoverd plugin: aws = /Users/Thoughtworker/git/tm/correlation-id-spike/infra/managed_tools/terraform/terraform-provider-aws
2015/06/12 18:46:30 [DEBUG] Discoverd plugin: cloudflare = /Users/Thoughtworker/git/tm/correlation-id-spike/infra/managed_tools/terraform/terraform-provider-cloudflare
2015/06/12 18:46:30 [DEBUG] Discoverd plugin: consul = /Users/Thoughtworker/git/tm/correlation-id-spike/infra/managed_tools/terraform/terraform-provider-consul
2015/06/12 18:46:30 [DEBUG] Discoverd plugin: digitalocean = /Users/Thoughtworker/git/tm/correlation-id-spike/infra/managed_tools/terraform/terraform-provider-digitalocean
2015/06/12 18:46:30 [DEBUG] Discoverd plugin: dnsimple = /Users/Thoughtworker/git/tm/correlation-id-spike/infra/managed_tools/terraform/terraform-provider-dnsimple
2015/06/12 18:46:30 [DEBUG] Discoverd plugin: google = /Users/Thoughtworker/git/tm/correlation-id-spike/infra/managed_tools/terraform/terraform-provider-google
2015/06/12 18:46:30 [DEBUG] Discoverd plugin: heroku = /Users/Thoughtworker/git/tm/correlation-id-spike/infra/managed_tools/terraform/terraform-provider-heroku
2015/06/12 18:46:30 [DEBUG] Discoverd plugin: mailgun = /Users/Thoughtworker/git/tm/correlation-id-spike/infra/managed_tools/terraform/terraform-provider-mailgun
2015/06/12 18:46:30 [DEBUG] Discoverd plugin: null = /Users/Thoughtworker/git/tm/correlation-id-spike/infra/managed_tools/terraform/terraform-provider-null
2015/06/12 18:46:30 [DEBUG] Discoverd plugin: file = /Users/Thoughtworker/git/tm/correlation-id-spike/infra/managed_tools/terraform/terraform-provisioner-file
2015/06/12 18:46:30 [DEBUG] Discoverd plugin: local-exec = /Users/Thoughtworker/git/tm/correlation-id-spike/infra/managed_tools/terraform/terraform-provisioner-local-exec
2015/06/12 18:46:30 [DEBUG] Discoverd plugin: remote-exec = /Users/Thoughtworker/git/tm/correlation-id-spike/infra/managed_tools/terraform/terraform-provisioner-remote-exec
2015/06/12 18:46:30 Detected home directory from env var: /Users/Thoughtworker
2015/06/12 18:46:30 [DEBUG] Attempting to open CLI config file: /Users/Thoughtworker/.terraformrc
2015/06/12 18:46:30 [DEBUG] File doesn't exist, but doesn't need to. Ignoring.
2015/06/12 18:46:30 waiting for all plugin processes to complete...
2015/06/12 18:46:30 Detected home directory from env var: /Users/Thoughtworker
panic: missing root module

goroutine 16 [running]:
runtime.panic(0x3bc500, 0xc2080017b0)
	/Users/mitchellh/code/3rdparty/go/src/pkg/runtime/panic.c:279 +0xf5
github.com/hashicorp/terraform/terraform.(*State).RootModule(0x0, 0x0)
	/Users/mitchellh/code/go/src/github.com/hashicorp/terraform/terraform/state.go:107 +0xa3
github.com/hashicorp/terraform/command.(*OutputCommand).Run(0xc208029110, 0xc20800e040, 0x1, 0x1, 0xc20802c170)
	/Users/mitchellh/code/go/src/github.com/hashicorp/terraform/command/output.go:41 +0x411
github.com/mitchellh/cli.(*CLI).Run(0xc20805ebe0, 0xc208076780, 0x0, 0x0)
	/Users/mitchellh/code/go/src/github.com/mitchellh/cli/cli.go:100 +0x3a1
main.wrappedMain(0x0)
	/Users/mitchellh/code/go/src/github.com/hashicorp/terraform/main.go:150 +0x986
main.realMain(0x0)
	/Users/mitchellh/code/go/src/github.com/hashicorp/terraform/main.go:82 +0x81b
main.main()
	/Users/mitchellh/code/go/src/github.com/hashicorp/terraform/main.go:18 +0x1e

goroutine 19 [finalizer wait]:
runtime.park(0x1bb80, 0x7ab018, 0x7a9a69)
	/Users/mitchellh/code/3rdparty/go/src/pkg/runtime/proc.c:1369 +0x89
runtime.parkunlock(0x7ab018, 0x7a9a69)
	/Users/mitchellh/code/3rdparty/go/src/pkg/runtime/proc.c:1385 +0x3b
runfinq()
	/Users/mitchellh/code/3rdparty/go/src/pkg/runtime/mgc0.c:2644 +0xcf
runtime.goexit()
	/Users/mitchellh/code/3rdparty/go/src/pkg/runtime/proc.c:1445

goroutine 20 [syscall]:
os/signal.loop()
	/Users/mitchellh/code/3rdparty/go/src/pkg/os/signal/signal_unix.go:21 +0x1e
created by os/signal.init·1
	/Users/mitchellh/code/3rdparty/go/src/pkg/os/signal/signal_unix.go:27 +0x32
